Performing C SOURCE FILE Test CMAKE_HAVE_LIBC_PTHREAD failed with the following output:
Change Dir: /data/haisheng.liu/diagtool/build/CMakeFiles/CMakeTmp

Run Build Command(s):/usr/bin/make cmTC_ffa06/fast && /usr/bin/make -f CMakeFiles/cmTC_ffa06.dir/build.make CMakeFiles/cmTC_ffa06.dir/build
make[1]: 进入目录“/data/haisheng.liu/diagtool/build/CMakeFiles/CMakeTmp”
Building C object CMakeFiles/cmTC_ffa06.dir/src.c.o
/data/haisheng.liu/host/bgw-sdk/aarch64-buildroot-linux-gnu_sdk-buildroot/bin/aarch64-buildroot-linux-gnu-gcc   -DCMAKE_HAVE_LIBC_PTHREAD   -o CMakeFiles/cmTC_ffa06.dir/src.c.o   -c /data/haisheng.liu/diagtool/build/CMakeFiles/CMakeTmp/src.c
Linking C executable cmTC_ffa06
/data/haisheng.liu/host/bgw-sdk/aarch64-buildroot-linux-gnu_sdk-buildroot/bin/cmake -E cmake_link_script CMakeFiles/cmTC_ffa06.dir/link.txt --verbose=1
/data/haisheng.liu/host/bgw-sdk/aarch64-buildroot-linux-gnu_sdk-buildroot/bin/aarch64-buildroot-linux-gnu-gcc  -DCMAKE_HAVE_LIBC_PTHREAD    CMakeFiles/cmTC_ffa06.dir/src.c.o  -o cmTC_ffa06 
/data/haisheng.liu/host/bgw-sdk/aarch64-buildroot-linux-gnu_sdk-buildroot/bin/../lib/gcc/aarch64-buildroot-linux-gnu/8.4.0/../../../../aarch64-buildroot-linux-gnu/bin/ld: CMakeFiles/cmTC_ffa06.dir/src.c.o: in function `main':
src.c:(.text+0x34): undefined reference to `pthread_create'
/data/haisheng.liu/host/bgw-sdk/aarch64-buildroot-linux-gnu_sdk-buildroot/bin/../lib/gcc/aarch64-buildroot-linux-gnu/8.4.0/../../../../aarch64-buildroot-linux-gnu/bin/ld: src.c:(.text+0x3c): undefined reference to `pthread_detach'
/data/haisheng.liu/host/bgw-sdk/aarch64-buildroot-linux-gnu_sdk-buildroot/bin/../lib/gcc/aarch64-buildroot-linux-gnu/8.4.0/../../../../aarch64-buildroot-linux-gnu/bin/ld: src.c:(.text+0x48): undefined reference to `pthread_join'
collect2: 错误： ld 返回 1
make[1]: *** [CMakeFiles/cmTC_ffa06.dir/build.make:87：cmTC_ffa06] 错误 1
make[1]: 离开目录“/data/haisheng.liu/diagtool/build/CMakeFiles/CMakeTmp”
make: *** [Makefile:121：cmTC_ffa06/fast] 错误 2


Source file was:
#include <pthread.h>

void* test_func(void* data)
{
  return data;
}

int main(void)
{
  pthread_t thread;
  pthread_create(&thread, NULL, test_func, NULL);
  pthread_detach(thread);
  pthread_join(thread, NULL);
  pthread_atfork(NULL, NULL, NULL);
  pthread_exit(NULL);

  return 0;
}

Determining if the function pthread_create exists in the pthreads failed with the following output:
Change Dir: /data/haisheng.liu/diagtool/build/CMakeFiles/CMakeTmp

Run Build Command(s):/usr/bin/make cmTC_05ef8/fast && /usr/bin/make -f CMakeFiles/cmTC_05ef8.dir/build.make CMakeFiles/cmTC_05ef8.dir/build
make[1]: 进入目录“/data/haisheng.liu/diagtool/build/CMakeFiles/CMakeTmp”
Building C object CMakeFiles/cmTC_05ef8.dir/CheckFunctionExists.c.o
/data/haisheng.liu/host/bgw-sdk/aarch64-buildroot-linux-gnu_sdk-buildroot/bin/aarch64-buildroot-linux-gnu-gcc   -DCHECK_FUNCTION_EXISTS=pthread_create   -o CMakeFiles/cmTC_05ef8.dir/CheckFunctionExists.c.o   -c /data/haisheng.liu/host/bgw-sdk/aarch64-buildroot-linux-gnu_sdk-buildroot/share/cmake-3.15/Modules/CheckFunctionExists.c
Linking C executable cmTC_05ef8
/data/haisheng.liu/host/bgw-sdk/aarch64-buildroot-linux-gnu_sdk-buildroot/bin/cmake -E cmake_link_script CMakeFiles/cmTC_05ef8.dir/link.txt --verbose=1
/data/haisheng.liu/host/bgw-sdk/aarch64-buildroot-linux-gnu_sdk-buildroot/bin/aarch64-buildroot-linux-gnu-gcc  -DCHECK_FUNCTION_EXISTS=pthread_create    CMakeFiles/cmTC_05ef8.dir/CheckFunctionExists.c.o  -o cmTC_05ef8 -lpthreads 
/data/haisheng.liu/host/bgw-sdk/aarch64-buildroot-linux-gnu_sdk-buildroot/bin/../lib/gcc/aarch64-buildroot-linux-gnu/8.4.0/../../../../aarch64-buildroot-linux-gnu/bin/ld: cannot find -lpthreads
collect2: 错误： ld 返回 1
make[1]: *** [CMakeFiles/cmTC_05ef8.dir/build.make:87：cmTC_05ef8] 错误 1
make[1]: 离开目录“/data/haisheng.liu/diagtool/build/CMakeFiles/CMakeTmp”
make: *** [Makefile:121：cmTC_05ef8/fast] 错误 2



